Mon, 19 Jun 2017 01:15:26 GMT guest ::1 GET / 
Mon, 19 Jun 2017 01:15:26 GMT guest ::1 GET /index.js 
Mon, 19 Jun 2017 01:15:26 GMT guest ::1 GET /basicStyle.css 
Mon, 19 Jun 2017 01:15:26 GMT guest ::1 GET /vanillaClickAndDrag.js 
Mon, 19 Jun 2017 01:15:26 GMT guest ::1 GET /editBlock.js 
Mon, 19 Jun 2017 01:15:27 GMT guest ::1 POST /?echo dir | node interpret 
Mon, 19 Jun 2017 01:15:32 GMT guest ::1 POST /?echo dir | node interpret 
Mon, 19 Jun 2017 01:15:38 GMT guest ::1 POST /?echo dir | node interpret 
Mon, 19 Jun 2017 01:15:47 GMT guest ::1 GET /motherscript 
Mon, 19 Jun 2017 01:16:05 GMT guest ::1 GET /motherscript.log 
Mon, 19 Jun 2017 01:16:10 GMT  ::1 GET / 
Mon, 19 Jun 2017 01:16:10 GMT guest ::1 GET / 
Mon, 19 Jun 2017 01:16:10 GMT guest ::1 GET /index.js 
Mon, 19 Jun 2017 01:16:10 GMT guest ::1 GET /basicStyle.css 
Mon, 19 Jun 2017 01:16:10 GMT guest ::1 GET /vanillaClickAndDrag.js 
Mon, 19 Jun 2017 01:16:10 GMT guest ::1 GET /editBlock.js 
Mon, 19 Jun 2017 01:16:25 GMT guest ::1 GET /motherscript.log 
Mon, 19 Jun 2017 01:16:38 GMT guest ::1 GET /basicStyle.css 
Mon, 19 Jun 2017 01:16:42 GMT guest ::1 GET /motherscript.log 
Mon, 19 Jun 2017 01:25:37 GMT guest ::1 GET / 
Mon, 19 Jun 2017 01:25:37 GMT guest ::1 GET /index.js 
Mon, 19 Jun 2017 01:25:37 GMT guest ::1 GET /basicStyle.css 
Mon, 19 Jun 2017 01:25:37 GMT guest ::1 GET /vanillaClickAndDrag.js 
Mon, 19 Jun 2017 01:25:37 GMT guest ::1 GET /editBlock.js 
Mon, 19 Jun 2017 01:25:39 GMT guest ::1 POST /?echo dir | node interpret 
Mon, 19 Jun 2017 01:25:47 GMT guest ::1 GET /motherscript.log 
Mon, 19 Jun 2017 01:26:02 GMT guest ::1 GET /motherscript.log 
Mon, 19 Jun 2017 01:26:05 GMT guest ::1 GET /motherscript.js 
Mon, 19 Jun 2017 01:27:07 GMT OK ReadyMon, 19 Jun 2017 01:27:12 GMT guest ::1 GET / 
Mon, 19 Jun 2017 01:27:12 GMT guest ::1 GET /index.js 
Mon, 19 Jun 2017 01:27:12 GMT guest ::1 GET /basicStyle.css 
Mon, 19 Jun 2017 01:27:12 GMT guest ::1 GET /vanillaClickAndDrag.js 
Mon, 19 Jun 2017 01:27:12 GMT guest ::1 GET /editBlock.js 
Mon, 19 Jun 2017 01:27:13 GMT guest ::1 GET /motherscript.log 
Mon, 19 Jun 2017 01:27:20 GMT  ::1 GET / 
Mon, 19 Jun 2017 01:27:20 GMT guest ::1 GET / 
Mon, 19 Jun 2017 01:27:20 GMT guest ::1 GET /index.js 
Mon, 19 Jun 2017 01:27:20 GMT guest ::1 GET /basicStyle.css 
Mon, 19 Jun 2017 01:27:20 GMT guest ::1 GET /vanillaClickAndDrag.js 
Mon, 19 Jun 2017 01:27:20 GMT guest ::1 GET /editBlock.js 
Mon, 19 Jun 2017 01:27:21 GMT guest ::1 GET /motherscript.log 
Mon, 19 Jun 2017 01:29:48 GMT guest ::1 GET / 
Mon, 19 Jun 2017 01:29:48 GMT guest ::1 GET /index.js 
Mon, 19 Jun 2017 01:29:48 GMT guest ::1 GET /basicStyle.css 
Mon, 19 Jun 2017 01:29:48 GMT guest ::1 GET /vanillaClickAndDrag.js 
Mon, 19 Jun 2017 01:29:48 GMT guest ::1 GET /editBlock.js 
Mon, 19 Jun 2017 01:29:49 GMT server exit requested SIGINT ^-C 
Mon, 19 Jun 2017 01:29:50 GMT  OK Ready
Mon, 19 Jun 2017 01:29:51 GMT guest ::1 GET / 
Mon, 19 Jun 2017 01:29:51 GMT guest ::1 GET /index.js 
Mon, 19 Jun 2017 01:29:51 GMT guest ::1 GET /basicStyle.css 
Mon, 19 Jun 2017 01:29:51 GMT guest ::1 GET /vanillaClickAndDrag.js 
Mon, 19 Jun 2017 01:29:51 GMT guest ::1 GET /editBlock.js 
Mon, 19 Jun 2017 01:29:52 GMT null ::1 GET / 
Mon, 19 Jun 2017 01:29:52 GMT guest ::1 GET / 
Mon, 19 Jun 2017 01:29:52 GMT guest ::1 GET /index.js 
Mon, 19 Jun 2017 01:29:52 GMT guest ::1 GET /basicStyle.css 
Mon, 19 Jun 2017 01:29:53 GMT guest ::1 GET /vanillaClickAndDrag.js 
Mon, 19 Jun 2017 01:29:53 GMT guest ::1 GET /editBlock.js 
Mon, 19 Jun 2017 01:30:00 GMT guest ::1 GET /motherscript.js 
Mon, 19 Jun 2017 01:30:09 GMT guest ::1 GET /motherscript.log 
Mon, 19 Jun 2017 01:33:10 GMT 209.122.194.56:300 ::ffff:209.126.136.5 GET / 
Mon, 19 Jun 2017 01:38:14 GMT guest ::1 GET /basicStyle.css 
Mon, 19 Jun 2017 01:39:58 GMT guest ::1 GET / 
Mon, 19 Jun 2017 01:39:58 GMT guest ::1 GET /index.js 
Mon, 19 Jun 2017 01:39:58 GMT guest ::1 GET /basicStyle.css 
Mon, 19 Jun 2017 01:39:58 GMT guest ::1 GET /vanillaClickAndDrag.js 
Mon, 19 Jun 2017 01:39:58 GMT guest ::1 GET /editBlock.js 
Mon, 19 Jun 2017 01:40:06 GMT guest ::1 GET /motherscript.log 
Mon, 19 Jun 2017 01:41:21 GMT guest ::1 GET / 
Mon, 19 Jun 2017 01:41:21 GMT guest ::1 GET /index.js 
Mon, 19 Jun 2017 01:41:21 GMT guest ::1 GET /basicStyle.css 
Mon, 19 Jun 2017 01:41:21 GMT guest ::1 GET /vanillaClickAndDrag.js 
Mon, 19 Jun 2017 01:41:21 GMT guest ::1 GET /editBlock.js 
Mon, 19 Jun 2017 01:41:22 GMT guest ::1 GET /motherscript.log 
Mon, 19 Jun 2017 01:42:47 GMT guest ::1 GET / 
Mon, 19 Jun 2017 01:42:47 GMT guest ::1 GET /index.js 
Mon, 19 Jun 2017 01:42:47 GMT guest ::1 GET /basicStyle.css 
Mon, 19 Jun 2017 01:42:47 GMT guest ::1 GET /vanillaClickAndDrag.js 
Mon, 19 Jun 2017 01:42:47 GMT guest ::1 GET /editBlock.js 
Mon, 19 Jun 2017 01:42:49 GMT guest ::1 GET /motherscript.log 
Mon, 19 Jun 2017 01:43:06 GMT guest ::1 GET /motherscript.log 
Mon, 19 Jun 2017 01:43:37 GMT guest ::1 GET / 
Mon, 19 Jun 2017 01:43:37 GMT guest ::1 GET /index.js 
Mon, 19 Jun 2017 01:43:37 GMT guest ::1 GET /basicStyle.css 
Mon, 19 Jun 2017 01:43:37 GMT guest ::1 GET /vanillaClickAndDrag.js 
Mon, 19 Jun 2017 01:43:37 GMT guest ::1 GET /editBlock.js 
Mon, 19 Jun 2017 01:43:38 GMT guest ::1 GET /motherscript.log 
Mon, 19 Jun 2017 01:43:39 GMT guest ::1 GET /motherscript.log 
Mon, 19 Jun 2017 01:44:11 GMT guest ::1 GET / 
Mon, 19 Jun 2017 01:44:11 GMT guest ::1 GET /index.js 
Mon, 19 Jun 2017 01:44:11 GMT guest ::1 GET /basicStyle.css 
Mon, 19 Jun 2017 01:44:11 GMT guest ::1 GET /vanillaClickAndDrag.js 
Mon, 19 Jun 2017 01:44:11 GMT guest ::1 GET /editBlock.js 
Mon, 19 Jun 2017 01:44:12 GMT guest ::1 POST /?echo   background: rgba(255,255,255,0.8); | node interpret 
Mon, 19 Jun 2017 01:44:20 GMT guest ::1 GET /motherscript.log 
Mon, 19 Jun 2017 01:44:32 GMT guest ::1 GET / 
Mon, 19 Jun 2017 01:44:32 GMT guest ::1 GET /index.js 
Mon, 19 Jun 2017 01:44:32 GMT guest ::1 GET /basicStyle.css 
Mon, 19 Jun 2017 01:44:32 GMT guest ::1 GET /vanillaClickAndDrag.js 
Mon, 19 Jun 2017 01:44:32 GMT guest ::1 GET /editBlock.js 
Mon, 19 Jun 2017 01:44:39 GMT guest ::1 GET /motherscript.js 
Mon, 19 Jun 2017 01:44:55 GMT guest ::1 GET /motherscript.log 
Mon, 19 Jun 2017 01:55:45 GMT  OK Ready
Mon, 19 Jun 2017 01:55:47 GMT null ::1 GET / 
Mon, 19 Jun 2017 01:55:47 GMT guest ::1 GET / 
Mon, 19 Jun 2017 01:55:47 GMT ERROR: RangeError: "port" option should be >= 0 and < 65536: whoa what?
Mon, 19 Jun 2017 01:55:47 GMT guest ::1 GET /index.js 
Mon, 19 Jun 2017 01:55:47 GMT guest ::1 GET /basicStyle.css 
Mon, 19 Jun 2017 01:55:47 GMT guest ::1 GET /vanillaClickAndDrag.js 
Mon, 19 Jun 2017 01:55:47 GMT guest ::1 GET /editBlock.js 
Mon, 19 Jun 2017 01:58:26 GMT EXIT: SIGINT (^-C exit requested) 
Mon, 19 Jun 2017 01:58:27 GMT  OK Ready
Mon, 19 Jun 2017 01:58:30 GMT guest ::1 GET / 
Mon, 19 Jun 2017 01:58:30 GMT ERROR: RangeError: "port" option should be >= 0 and < 65536: whoa what?
Mon, 19 Jun 2017 01:58:30 GMT guest ::1 GET /index.js 
Mon, 19 Jun 2017 01:58:30 GMT guest ::1 GET /basicStyle.css 
Mon, 19 Jun 2017 01:58:30 GMT guest ::1 GET /vanillaClickAndDrag.js 
Mon, 19 Jun 2017 01:58:30 GMT guest ::1 GET /editBlock.js 
Mon, 19 Jun 2017 01:58:32 GMT guest ::1 POST /?echo hello | node interpret 
Mon, 19 Jun 2017 02:01:07 GMT null ::1 GET / 
Mon, 19 Jun 2017 02:01:07 GMT guest ::1 GET / 
Mon, 19 Jun 2017 02:01:07 GMT guest ::1 GET /index.js 
Mon, 19 Jun 2017 02:01:07 GMT guest ::1 GET /basicStyle.css 
Mon, 19 Jun 2017 02:01:07 GMT guest ::1 GET /vanillaClickAndDrag.js 
Mon, 19 Jun 2017 02:01:07 GMT guest ::1 GET /editBlock.js 
Mon, 19 Jun 2017 02:01:10 GMT guest ::1 POST /?echo node -v | node interpret 
Mon, 19 Jun 2017 02:01:15 GMT guest ::1 POST /?echo git -v | node interpret 
Mon, 19 Jun 2017 02:01:19 GMT guest ::1 POST /?echo git --version | node interpret 
Mon, 19 Jun 2017 02:01:26 GMT guest ::1 POST /?echo node -version | node interpret 
Mon, 19 Jun 2017 02:01:30 GMT guest ::1 POST /?echo node --version | node interpret 
Mon, 19 Jun 2017 02:01:34 GMT guest ::1 POST /?echo git --version | node interpret 
Mon, 19 Jun 2017 02:31:05 GMT  OK Ready
Mon, 19 Jun 2017 02:31:07 GMT null ::1 GET / 
Mon, 19 Jun 2017 02:31:07 GMT guest ::1 GET / 
Mon, 19 Jun 2017 02:31:08 GMT guest ::1 GET /favicon.ico 
Mon, 19 Jun 2017 02:31:42 GMT guest ::1 GET / 
Mon, 19 Jun 2017 02:31:42 GMT guest ::1 GET /favicon.ico 
Mon, 19 Jun 2017 02:32:08 GMT guest ::1 GET / 
Mon, 19 Jun 2017 02:32:09 GMT guest ::1 GET /favicon.ico 
Mon, 19 Jun 2017 02:32:12 GMT guest ::1 GET /index 
Mon, 19 Jun 2017 02:32:12 GMT guest ::1 GET /favicon.ico 
Mon, 19 Jun 2017 02:32:15 GMT guest ::1 GET /index/ 
Mon, 19 Jun 2017 02:32:15 GMT guest ::1 GET /favicon.ico 
Mon, 19 Jun 2017 02:32:46 GMT EXIT: SIGINT (^-C exit requested) 
Mon, 19 Jun 2017 02:35:14 GMT  OK Ready
Mon, 19 Jun 2017 02:35:20 GMT null ::1 GET / 
Mon, 19 Jun 2017 02:35:20 GMT guest ::1 GET / 
Mon, 19 Jun 2017 02:35:20 GMT guest ::1 GET /index.js 
Mon, 19 Jun 2017 02:35:20 GMT guest ::1 GET /basicStyle.css 
Mon, 19 Jun 2017 02:35:20 GMT guest ::1 GET /vanillaClickAndDrag.js 
Mon, 19 Jun 2017 02:35:20 GMT guest ::1 GET /editBlock.js 
Mon, 19 Jun 2017 02:36:33 GMT guest ::1 GET /index 
Mon, 19 Jun 2017 02:36:33 GMT guest ::1 GET /favicon.ico 
Mon, 19 Jun 2017 02:36:40 GMT guest ::1 GET /index/index.html 
Mon, 19 Jun 2017 02:36:40 GMT guest ::1 GET /index.js 
Mon, 19 Jun 2017 02:36:40 GMT guest ::1 GET /basicStyle.css 
Mon, 19 Jun 2017 02:36:40 GMT guest ::1 GET /vanillaClickAndDrag.js 
Mon, 19 Jun 2017 02:36:40 GMT guest ::1 GET /editBlock.js 
Mon, 19 Jun 2017 02:37:08 GMT guest ::1 GET /index/index.html 
Mon, 19 Jun 2017 02:37:08 GMT guest ::1 GET /index/index.js 
Mon, 19 Jun 2017 02:37:08 GMT guest ::1 GET /index/basicStyle.css 
Mon, 19 Jun 2017 02:37:08 GMT guest ::1 GET /index/vanillaClickAndDrag.js 
Mon, 19 Jun 2017 02:37:08 GMT guest ::1 GET /index/editBlock.js 
Mon, 19 Jun 2017 02:37:12 GMT guest ::1 POST /index/index.html?echo hi | node interpret 
Mon, 19 Jun 2017 02:37:34 GMT guest ::1 GET / 
Mon, 19 Jun 2017 02:37:34 GMT guest ::1 GET /index.js 
Mon, 19 Jun 2017 02:37:34 GMT guest ::1 GET /basicStyle.css 
Mon, 19 Jun 2017 02:37:34 GMT guest ::1 GET /vanillaClickAndDrag.js 
Mon, 19 Jun 2017 02:37:34 GMT guest ::1 GET /editBlock.js 
Mon, 19 Jun 2017 03:35:45 GMT EXIT: SIGINT (^-C exit requested) 
Mon, 19 Jun 2017 03:35:46 GMT  OK Ready
Mon, 19 Jun 2017 03:35:49 GMT null ::1 GET / 
Mon, 19 Jun 2017 03:35:49 GMT guest ::1 GET / 
Mon, 19 Jun 2017 03:37:00 GMT EXIT: SIGINT (^-C exit requested) 
Mon, 19 Jun 2017 03:37:01 GMT  OK Ready
Mon, 19 Jun 2017 03:37:01 GMT guest ::1 GET / 
Mon, 19 Jun 2017 03:37:05 GMT EXIT: SIGINT (^-C exit requested) 
Mon, 19 Jun 2017 03:38:26 GMT  OK Ready
Mon, 19 Jun 2017 03:38:28 GMT null ::1 GET / 
Mon, 19 Jun 2017 03:38:28 GMT guest ::1 GET / 
Mon, 19 Jun 2017 03:38:45 GMT EXIT: SIGINT (^-C exit requested) 
Mon, 19 Jun 2017 03:38:46 GMT  OK Ready
Mon, 19 Jun 2017 03:38:46 GMT guest ::1 GET / 
Mon, 19 Jun 2017 03:38:48 GMT guest ::ffff:127.0.0.1 GET / 
Mon, 19 Jun 2017 03:38:49 GMT guest ::1 GET / 
Mon, 19 Jun 2017 03:42:01 GMT EXIT: SIGINT (^-C exit requested) 
Mon, 19 Jun 2017 03:42:02 GMT  OK Ready
Mon, 19 Jun 2017 03:42:03 GMT null ::1 GET / 
Mon, 19 Jun 2017 03:42:03 GMT guest ::1 GET / 
Mon, 19 Jun 2017 03:42:04 GMT guest ::1 GET /favicon.ico 
Mon, 19 Jun 2017 03:42:11 GMT guest ::1 GET /index 
Mon, 19 Jun 2017 03:42:11 GMT guest ::1 GET /favicon.ico 
Mon, 19 Jun 2017 03:42:15 GMT guest ::1 GET /index/index.html 
Mon, 19 Jun 2017 03:42:15 GMT guest ::1 GET /index/index.js 
Mon, 19 Jun 2017 03:42:15 GMT guest ::1 GET /index/basicStyle.css 
Mon, 19 Jun 2017 03:42:15 GMT guest ::1 GET /index/vanillaClickAndDrag.js 
Mon, 19 Jun 2017 03:42:15 GMT guest ::1 GET /index/editBlock.js 
Mon, 19 Jun 2017 03:42:17 GMT guest ::1 POST /index/index.html?echo hi | node interpret 
Mon, 19 Jun 2017 03:42:30 GMT EXIT: SIGINT (^-C exit requested) 
Mon, 19 Jun 2017 03:42:32 GMT  OK Ready
Mon, 19 Jun 2017 03:42:35 GMT EXIT: SIGINT (^-C exit requested) 
Mon, 19 Jun 2017 03:42:38 GMT  OK Ready
Mon, 19 Jun 2017 03:42:41 GMT EXIT: SIGINT (^-C exit requested) 
Mon, 19 Jun 2017 03:42:56 GMT  OK Ready
Mon, 19 Jun 2017 03:44:02 GMT EXIT: SIGINT (^-C exit requested) 
Mon, 19 Jun 2017 03:44:38 GMT  OK Ready
Mon, 19 Jun 2017 03:44:53 GMT EXIT: SIGINT (^-C exit requested) 
Mon, 19 Jun 2017 03:44:54 GMT  OK Ready
Mon, 19 Jun 2017 03:45:04 GMT guest ::1 GET /index/index.html 
Mon, 19 Jun 2017 03:45:12 GMT guest ::1 GET / 
Mon, 19 Jun 2017 03:45:13 GMT null ::1 GET / 
Mon, 19 Jun 2017 03:45:33 GMT guest ::1 GET / 
Mon, 19 Jun 2017 03:46:01 GMT null ::1 GET /index.html 
Mon, 19 Jun 2017 03:46:01 GMT guest ::1 GET /index.html 
Mon, 19 Jun 2017 03:46:06 GMT null ::1 GET /index.html 
Mon, 19 Jun 2017 03:46:06 GMT guest ::1 GET /index.html 
Mon, 19 Jun 2017 03:46:39 GMT EXIT: SIGINT (^-C exit requested) 
Mon, 19 Jun 2017 03:46:39 GMT  OK Ready
Mon, 19 Jun 2017 03:46:40 GMT guest ::1 GET /index.html 
Mon, 19 Jun 2017 03:46:40 GMT ERROR: ReferenceError: respond is not defined
Mon, 19 Jun 2017 03:46:41 GMT guest ::ffff:127.0.0.1 GET /index.html 
Mon, 19 Jun 2017 03:46:41 GMT ERROR: ReferenceError: respond is not defined
Mon, 19 Jun 2017 03:46:43 GMT guest ::1 GET /index.html 
Mon, 19 Jun 2017 03:46:43 GMT ERROR: ReferenceError: respond is not defined
Mon, 19 Jun 2017 03:47:18 GMT EXIT: SIGINT (^-C exit requested) 
Mon, 19 Jun 2017 03:47:19 GMT  OK Ready
Mon, 19 Jun 2017 03:47:19 GMT guest ::1 GET /index.html 
Mon, 19 Jun 2017 03:47:19 GMT ERROR: TypeError: First argument must be a string or Buffer
Mon, 19 Jun 2017 03:47:20 GMT guest ::ffff:127.0.0.1 GET /index.html 
Mon, 19 Jun 2017 03:47:20 GMT ERROR: TypeError: First argument must be a string or Buffer
Mon, 19 Jun 2017 03:47:58 GMT guest ::1 GET /index.html 
Mon, 19 Jun 2017 03:47:58 GMT ERROR: TypeError: First argument must be a string or Buffer
Mon, 19 Jun 2017 03:48:10 GMT EXIT: SIGINT (^-C exit requested) 
Mon, 19 Jun 2017 03:48:25 GMT  OK Ready
Mon, 19 Jun 2017 03:48:28 GMT guest ::1 GET / 
Mon, 19 Jun 2017 03:48:28 GMT ERROR: TypeError: First argument must be a string or Buffer
Mon, 19 Jun 2017 03:48:50 GMT EXIT: SIGINT (^-C exit requested) 
Mon, 19 Jun 2017 03:48:51 GMT  OK Ready
Mon, 19 Jun 2017 03:48:52 GMT guest ::1 GET / 
Mon, 19 Jun 2017 03:48:52 GMT ERROR: TypeError: First argument must be a string or Buffer
Mon, 19 Jun 2017 03:48:55 GMT EXIT: SIGINT (^-C exit requested) 
Mon, 19 Jun 2017 03:48:56 GMT  OK Ready
Mon, 19 Jun 2017 03:48:58 GMT guest ::1 GET / 
Mon, 19 Jun 2017 03:48:58 GMT ERROR: TypeError: First argument must be a string or Buffer
Mon, 19 Jun 2017 03:49:26 GMT EXIT: SIGINT (^-C exit requested) 
Mon, 19 Jun 2017 03:49:27 GMT  OK Ready
Mon, 19 Jun 2017 03:49:28 GMT guest ::1 GET / 
Mon, 19 Jun 2017 03:49:28 GMT ERROR: TypeError: First argument must be a string or Buffer
Mon, 19 Jun 2017 03:49:48 GMT EXIT: SIGINT (^-C exit requested) 
Mon, 19 Jun 2017 03:49:49 GMT  OK Ready
Mon, 19 Jun 2017 03:49:50 GMT guest ::1 GET / 
Mon, 19 Jun 2017 03:49:50 GMT ERROR: TypeError: First argument must be a string or Buffer
Mon, 19 Jun 2017 03:49:58 GMT EXIT: SIGINT (^-C exit requested) 
Mon, 19 Jun 2017 03:49:59 GMT  OK Ready
Mon, 19 Jun 2017 03:50:00 GMT guest ::1 GET / 
Mon, 19 Jun 2017 03:50:00 GMT ERROR: TypeError: First argument must be a string or Buffer
Mon, 19 Jun 2017 03:51:17 GMT EXIT: SIGINT (^-C exit requested) 
Mon, 19 Jun 2017 03:51:18 GMT  OK Ready
Mon, 19 Jun 2017 03:51:20 GMT guest ::1 GET / 
Mon, 19 Jun 2017 03:51:20 GMT ERROR: TypeError: First argument must be a string or Buffer
Mon, 19 Jun 2017 03:51:43 GMT EXIT: SIGINT (^-C exit requested) 
Mon, 19 Jun 2017 03:51:45 GMT  OK Ready
Mon, 19 Jun 2017 03:51:46 GMT guest ::1 GET / 
Mon, 19 Jun 2017 03:52:12 GMT  OK Ready
Mon, 19 Jun 2017 03:52:14 GMT guest ::1 GET / 
Mon, 19 Jun 2017 03:52:14 GMT guest ::1 GET /favicon.ico 
Mon, 19 Jun 2017 03:55:37 GMT EXIT: SIGINT (^-C exit requested) 
Mon, 19 Jun 2017 03:55:37 GMT  OK Ready
Mon, 19 Jun 2017 03:55:38 GMT guest ::1 GET / 
Mon, 19 Jun 2017 03:55:43 GMT null ::1 GET / 
Mon, 19 Jun 2017 03:55:43 GMT guest ::1 GET / 
Mon, 19 Jun 2017 03:56:29 GMT EXIT: SIGINT (^-C exit requested) 
Mon, 19 Jun 2017 03:56:30 GMT  OK Ready
Mon, 19 Jun 2017 03:56:30 GMT guest ::ffff:127.0.0.1 GET / 
Mon, 19 Jun 2017 03:56:51 GMT EXIT: SIGINT (^-C exit requested) 
Mon, 19 Jun 2017 03:56:52 GMT  OK Ready
Mon, 19 Jun 2017 03:56:53 GMT guest ::1 GET / 
Mon, 19 Jun 2017 03:56:53 GMT guest ::1 GET /favicon.ico 
Mon, 19 Jun 2017 03:57:12 GMT EXIT: SIGINT (^-C exit requested) 
Mon, 19 Jun 2017 03:57:19 GMT  OK Ready
Mon, 19 Jun 2017 03:57:20 GMT guest ::1 GET / 
Mon, 19 Jun 2017 03:57:20 GMT guest ::1 GET /favicon.ico 
Mon, 19 Jun 2017 03:57:24 GMT EXIT: SIGINT (^-C exit requested) 
Mon, 19 Jun 2017 03:57:25 GMT  OK Ready
Mon, 19 Jun 2017 03:57:26 GMT guest ::1 GET / 
Mon, 19 Jun 2017 03:57:30 GMT EXIT: SIGINT (^-C exit requested) 
Mon, 19 Jun 2017 03:57:31 GMT  OK Ready
Mon, 19 Jun 2017 03:57:31 GMT guest ::1 GET / 
Mon, 19 Jun 2017 03:57:32 GMT guest ::ffff:127.0.0.1 GET / 
Mon, 19 Jun 2017 03:57:41 GMT  OK Ready
Mon, 19 Jun 2017 03:57:41 GMT guest ::1 GET / 
Mon, 19 Jun 2017 03:57:41 GMT guest ::1 GET /favicon.ico 
Mon, 19 Jun 2017 03:57:42 GMT guest ::1 GET / 
Mon, 19 Jun 2017 03:57:42 GMT guest ::1 GET /favicon.ico 
Mon, 19 Jun 2017 03:57:50 GMT EXIT: SIGINT (^-C exit requested) 
Mon, 19 Jun 2017 03:57:51 GMT  OK Ready
Mon, 19 Jun 2017 03:57:52 GMT guest ::1 GET / 
Mon, 19 Jun 2017 03:57:52 GMT guest ::1 GET /favicon.ico 
Mon, 19 Jun 2017 04:01:30 GMT EXIT: SIGINT (^-C exit requested) 
Mon, 19 Jun 2017 04:01:31 GMT  OK Ready
Mon, 19 Jun 2017 04:01:34 GMT null ::1 GET / 
Mon, 19 Jun 2017 04:01:34 GMT guest ::1 GET / 
Mon, 19 Jun 2017 04:01:35 GMT guest ::1 GET /favicon.ico 
Mon, 19 Jun 2017 04:02:25 GMT EXIT: SIGINT (^-C exit requested) 
Mon, 19 Jun 2017 04:02:25 GMT  OK Ready
Mon, 19 Jun 2017 04:03:42 GMT  OK Ready
Mon, 19 Jun 2017 04:03:56 GMT  OK Ready
Mon, 19 Jun 2017 04:04:00 GMT guest ::1 GET / 
Mon, 19 Jun 2017 04:04:00 GMT guest ::1 GET /favicon.ico 
Mon, 19 Jun 2017 04:04:17 GMT EXIT: SIGINT (^-C exit requested) 
Mon, 19 Jun 2017 04:04:35 GMT  OK Ready
Mon, 19 Jun 2017 04:04:49 GMT guest ::1 GET / 
Mon, 19 Jun 2017 04:04:49 GMT guest ::1 GET /favicon.ico 
Mon, 19 Jun 2017 04:05:04 GMT EXIT: SIGINT (^-C exit requested) 
Mon, 19 Jun 2017 04:05:04 GMT  OK Ready
Mon, 19 Jun 2017 04:05:05 GMT guest ::1 GET / 
Mon, 19 Jun 2017 04:05:06 GMT guest ::1 GET /favicon.ico 
Mon, 19 Jun 2017 04:05:35 GMT EXIT: SIGINT (^-C exit requested) 
Mon, 19 Jun 2017 04:05:36 GMT  OK Ready
Mon, 19 Jun 2017 04:05:37 GMT guest ::1 GET / 
Mon, 19 Jun 2017 04:05:37 GMT guest ::1 GET /favicon.ico 
Mon, 19 Jun 2017 04:05:55 GMT EXIT: SIGINT (^-C exit requested) 
Mon, 19 Jun 2017 04:05:56 GMT  OK Ready
Mon, 19 Jun 2017 04:05:57 GMT guest ::1 GET / 
Mon, 19 Jun 2017 04:06:19 GMT EXIT: SIGINT (^-C exit requested) 
Mon, 19 Jun 2017 04:06:19 GMT  OK Ready
Mon, 19 Jun 2017 04:06:19 GMT guest ::1 GET / 
Mon, 19 Jun 2017 04:06:21 GMT guest ::ffff:127.0.0.1 GET / 
Mon, 19 Jun 2017 04:06:23 GMT guest ::1 GET / 
Mon, 19 Jun 2017 04:08:35 GMT EXIT: SIGINT (^-C exit requested) 
Mon, 19 Jun 2017 04:08:36 GMT  OK Ready
Mon, 19 Jun 2017 04:08:39 GMT guest ::1 GET / 
Mon, 19 Jun 2017 04:08:53 GMT  OK Ready
Mon, 19 Jun 2017 04:08:54 GMT guest ::1 GET / 
Mon, 19 Jun 2017 04:08:56 GMT guest ::1 GET / 
Mon, 19 Jun 2017 04:09:41 GMT guest ::1 GET / 
Mon, 19 Jun 2017 04:09:45 GMT guest ::1 GET /index.html 
Mon, 19 Jun 2017 04:11:21 GMT EXIT: SIGINT (^-C exit requested) 
Mon, 19 Jun 2017 04:11:22 GMT  OK Ready
Mon, 19 Jun 2017 04:11:22 GMT guest ::ffff:127.0.0.1 GET /index.html 
Mon, 19 Jun 2017 04:11:23 GMT guest ::ffff:127.0.0.1 GET /index.html 
Mon, 19 Jun 2017 04:11:25 GMT guest ::1 GET /index.html 
Mon, 19 Jun 2017 04:11:37 GMT guest ::1 GET / 
Mon, 19 Jun 2017 04:11:40 GMT EXIT: SIGINT (^-C exit requested) 
Mon, 19 Jun 2017 04:11:40 GMT  OK Ready
Mon, 19 Jun 2017 04:11:40 GMT guest ::ffff:127.0.0.1 GET / 
Mon, 19 Jun 2017 04:11:53 GMT guest ::1 GET / 
Mon, 19 Jun 2017 04:12:27 GMT guest ::1 GET / 
Mon, 19 Jun 2017 04:12:34 GMT EXIT: SIGINT (^-C exit requested) 
Mon, 19 Jun 2017 04:12:35 GMT  OK Ready
Mon, 19 Jun 2017 04:12:37 GMT EXIT: SIGINT (^-C exit requested) 
Mon, 19 Jun 2017 04:12:40 GMT  OK Ready
Mon, 19 Jun 2017 04:12:47 GMT guest ::1 GET / 
Mon, 19 Jun 2017 04:13:09 GMT EXIT: SIGINT (^-C exit requested) 
Mon, 19 Jun 2017 04:13:09 GMT  OK Ready
Mon, 19 Jun 2017 04:14:04 GMT EXIT: SIGINT (^-C exit requested) 
Mon, 19 Jun 2017 04:14:04 GMT  OK Ready
Mon, 19 Jun 2017 04:14:08 GMT guest ::1 GET / 
Mon, 19 Jun 2017 04:14:15 GMT guest ::1 GET /index.html 
Mon, 19 Jun 2017 04:19:36 GMT null ::1 GET / 
Mon, 19 Jun 2017 04:19:36 GMT guest ::1 GET / 
Mon, 19 Jun 2017 04:20:11 GMT EXIT: SIGINT (^-C exit requested) 
Mon, 19 Jun 2017 04:20:12 GMT  OK Ready
Mon, 19 Jun 2017 04:20:12 GMT guest ::1 GET / 
Mon, 19 Jun 2017 04:20:16 GMT guest ::ffff:127.0.0.1 GET / 
Mon, 19 Jun 2017 04:20:17 GMT guest ::1 GET / 
Mon, 19 Jun 2017 04:20:19 GMT guest ::1 GET / 
Mon, 19 Jun 2017 04:20:42 GMT EXIT: SIGINT (^-C exit requested) 
Mon, 19 Jun 2017 04:20:43 GMT  OK Ready
Mon, 19 Jun 2017 04:21:02 GMT  OK Ready
Mon, 19 Jun 2017 04:21:02 GMT guest ::1 GET / 
Mon, 19 Jun 2017 04:21:05 GMT guest ::1 GET / 
Mon, 19 Jun 2017 04:21:05 GMT guest ::1 GET / 
Mon, 19 Jun 2017 04:21:16 GMT EXIT: SIGINT (^-C exit requested) 
Mon, 19 Jun 2017 04:21:16 GMT  OK Ready
Mon, 19 Jun 2017 04:21:17 GMT guest ::1 GET / 
Mon, 19 Jun 2017 04:21:28 GMT  OK Ready
Mon, 19 Jun 2017 04:21:31 GMT guest ::1 GET / 
Mon, 19 Jun 2017 04:22:29 GMT EXIT: SIGINT (^-C exit requested) 
Mon, 19 Jun 2017 04:22:30 GMT  OK Ready
Mon, 19 Jun 2017 04:22:31 GMT guest ::1 GET / 
Mon, 19 Jun 2017 04:22:51 GMT  OK Ready
Mon, 19 Jun 2017 04:22:51 GMT guest ::1 GET /index.html 
Mon, 19 Jun 2017 04:22:52 GMT guest ::1 GET /favicon.ico 
Mon, 19 Jun 2017 04:22:59 GMT guest ::1 GET /index/index.html 
Mon, 19 Jun 2017 04:22:59 GMT guest ::1 GET /index/index.js 
Mon, 19 Jun 2017 04:22:59 GMT guest ::1 GET /index/basicStyle.css 
Mon, 19 Jun 2017 04:22:59 GMT guest ::1 GET /index/vanillaClickAndDrag.js 
Mon, 19 Jun 2017 04:22:59 GMT guest ::1 GET /index/editBlock.js 
Mon, 19 Jun 2017 04:23:02 GMT guest ::1 GET /index.html 
Mon, 19 Jun 2017 04:23:03 GMT guest ::1 GET /favicon.ico 
Mon, 19 Jun 2017 04:23:13 GMT guest ::1 GET /i 
Mon, 19 Jun 2017 04:23:13 GMT guest ::1 GET /favicon.ico 
Mon, 19 Jun 2017 04:23:16 GMT guest ::1 GET / 
Mon, 19 Jun 2017 04:23:16 GMT guest ::1 GET /favicon.ico 
Mon, 19 Jun 2017 04:23:29 GMT EXIT: SIGINT (^-C exit requested) 
Mon, 19 Jun 2017 04:23:30 GMT  OK Ready
Mon, 19 Jun 2017 04:23:31 GMT guest ::1 GET / 
Mon, 19 Jun 2017 04:23:35 GMT guest ::1 GET /index.html 
Mon, 19 Jun 2017 04:23:37 GMT guest ::1 GET / 
Mon, 19 Jun 2017 04:23:39 GMT EXIT: SIGINT (^-C exit requested) 
Mon, 19 Jun 2017 04:23:40 GMT  OK Ready
Mon, 19 Jun 2017 04:23:40 GMT guest ::1 GET / 
Mon, 19 Jun 2017 04:23:41 GMT guest ::ffff:127.0.0.1 GET / 
Mon, 19 Jun 2017 04:23:43 GMT guest ::1 GET / 
Mon, 19 Jun 2017 04:23:50 GMT EXIT: SIGINT (^-C exit requested) 
Mon, 19 Jun 2017 04:23:51 GMT  OK Ready
Mon, 19 Jun 2017 04:23:51 GMT guest ::1 GET / 
Mon, 19 Jun 2017 04:23:52 GMT guest ::ffff:127.0.0.1 GET / 
Mon, 19 Jun 2017 04:23:55 GMT null ::1 GET / 
Mon, 19 Jun 2017 04:23:55 GMT guest ::1 GET / 
Mon, 19 Jun 2017 04:24:07 GMT EXIT: SIGINT (^-C exit requested) 
Mon, 19 Jun 2017 04:24:08 GMT  OK Ready
Mon, 19 Jun 2017 04:24:08 GMT guest ::1 GET / 
Mon, 19 Jun 2017 04:24:08 GMT guest ::1 GET / 
Mon, 19 Jun 2017 04:24:09 GMT guest ::1 GET /favicon.ico 
Mon, 19 Jun 2017 04:24:14 GMT EXIT: SIGINT (^-C exit requested) 
Mon, 19 Jun 2017 04:24:14 GMT  OK Ready
Mon, 19 Jun 2017 04:24:15 GMT guest ::1 GET / 
Mon, 19 Jun 2017 04:24:24 GMT EXIT: SIGINT (^-C exit requested) 
Mon, 19 Jun 2017 04:24:25 GMT  OK Ready
Mon, 19 Jun 2017 04:24:25 GMT guest ::1 GET / 
Mon, 19 Jun 2017 04:24:25 GMT guest ::1 GET /favicon.ico 
Mon, 19 Jun 2017 04:24:27 GMT guest ::1 GET / 
Mon, 19 Jun 2017 04:24:27 GMT guest ::1 GET /favicon.ico 
Mon, 19 Jun 2017 04:24:29 GMT guest ::1 GET / 
Mon, 19 Jun 2017 04:24:29 GMT guest ::1 GET /favicon.ico 
Mon, 19 Jun 2017 04:24:34 GMT EXIT: SIGINT (^-C exit requested) 
Mon, 19 Jun 2017 04:24:35 GMT  OK Ready
Mon, 19 Jun 2017 04:24:35 GMT guest ::1 GET / 
Mon, 19 Jun 2017 04:24:36 GMT guest ::1 GET /favicon.ico 
Mon, 19 Jun 2017 04:24:42 GMT EXIT: SIGINT (^-C exit requested) 
Mon, 19 Jun 2017 04:24:43 GMT  OK Ready
Mon, 19 Jun 2017 04:24:44 GMT guest ::1 GET / 
Mon, 19 Jun 2017 04:24:44 GMT guest ::1 GET /favicon.ico 
Mon, 19 Jun 2017 04:24:49 GMT guest ::1 GET /index.html 
Mon, 19 Jun 2017 04:24:49 GMT guest ::1 GET /favicon.ico 
Mon, 19 Jun 2017 04:24:56 GMT EXIT: SIGINT (^-C exit requested) 
Mon, 19 Jun 2017 04:24:57 GMT  OK Ready
Mon, 19 Jun 2017 04:24:58 GMT guest ::1 GET /index.html 
Mon, 19 Jun 2017 04:25:02 GMT guest ::1 GET /index.html 
Mon, 19 Jun 2017 04:25:40 GMT EXIT: SIGINT (^-C exit requested) 
Mon, 19 Jun 2017 04:25:41 GMT  OK Ready
Mon, 19 Jun 2017 04:25:42 GMT guest ::1 GET / 
Mon, 19 Jun 2017 04:25:46 GMT guest ::1 GET / 
Mon, 19 Jun 2017 04:26:00 GMT EXIT: SIGINT (^-C exit requested) 
Mon, 19 Jun 2017 04:26:01 GMT  OK Ready
Mon, 19 Jun 2017 04:26:01 GMT guest ::1 GET / 
Mon, 19 Jun 2017 04:26:02 GMT guest ::ffff:127.0.0.1 GET / 
Mon, 19 Jun 2017 04:26:04 GMT guest ::1 GET / 
Mon, 19 Jun 2017 04:26:10 GMT EXIT: SIGINT (^-C exit requested) 
Mon, 19 Jun 2017 04:26:11 GMT  OK Ready
Mon, 19 Jun 2017 04:26:11 GMT guest ::1 GET / 
Mon, 19 Jun 2017 04:26:12 GMT guest ::ffff:127.0.0.1 GET / 
Mon, 19 Jun 2017 04:26:13 GMT guest ::1 GET / 
Mon, 19 Jun 2017 04:26:17 GMT EXIT: SIGINT (^-C exit requested) 
Mon, 19 Jun 2017 04:26:17 GMT  OK Ready
Mon, 19 Jun 2017 04:26:18 GMT guest ::1 GET / 
Mon, 19 Jun 2017 04:26:21 GMT EXIT: SIGINT (^-C exit requested) 
Mon, 19 Jun 2017 04:26:22 GMT  OK Ready
Mon, 19 Jun 2017 04:26:24 GMT guest ::1 GET /index.html 
Mon, 19 Jun 2017 04:26:26 GMT guest ::1 GET /index.html 
Mon, 19 Jun 2017 04:26:28 GMT null ::1 GET / 
Mon, 19 Jun 2017 04:26:28 GMT guest ::1 GET / 
Mon, 19 Jun 2017 04:28:58 GMT EXIT: SIGINT (^-C exit requested) 
Mon, 19 Jun 2017 04:32:27 GMT  OK Ready
Mon, 19 Jun 2017 04:32:30 GMT null ::1 GET / 
Mon, 19 Jun 2017 04:32:30 GMT guest ::1 GET / 
Mon, 19 Jun 2017 04:32:53 GMT EXIT: SIGINT (^-C exit requested) 
Mon, 19 Jun 2017 04:32:54 GMT  OK Ready
Mon, 19 Jun 2017 04:32:54 GMT guest ::ffff:127.0.0.1 GET / 
Mon, 19 Jun 2017 04:32:55 GMT guest ::ffff:127.0.0.1 GET / 
Mon, 19 Jun 2017 04:32:56 GMT guest ::1 GET / 
Mon, 19 Jun 2017 04:32:58 GMT null ::1 GET / 
Mon, 19 Jun 2017 04:33:07 GMT EXIT: SIGINT (^-C exit requested) 
Mon, 19 Jun 2017 04:33:08 GMT  OK Ready
Mon, 19 Jun 2017 04:33:08 GMT guest ::1 GET / 
Mon, 19 Jun 2017 04:33:23 GMT guest ::1 GET / 
Mon, 19 Jun 2017 04:33:23 GMT guest ::1 GET /index.html 
Mon, 19 Jun 2017 04:33:44 GMT guest ::1 GET /index.html 
Mon, 19 Jun 2017 04:36:17 GMT EXIT: SIGINT (^-C exit requested) 
Mon, 19 Jun 2017 04:36:17 GMT  OK Ready
Mon, 19 Jun 2017 04:36:19 GMT null ::1 GET / 
Mon, 19 Jun 2017 04:36:19 GMT guest ::1 GET / 
Mon, 19 Jun 2017 04:36:20 GMT guest ::1 GET /favicon.ico 
Mon, 19 Jun 2017 04:36:40 GMT EXIT: SIGINT (^-C exit requested) 
Mon, 19 Jun 2017 04:36:56 GMT  OK Ready
Mon, 19 Jun 2017 04:36:57 GMT guest ::1 GET / 
Mon, 19 Jun 2017 04:37:15 GMT  OK Ready
Mon, 19 Jun 2017 04:37:17 GMT guest ::1 GET / 
Mon, 19 Jun 2017 04:37:35 GMT  OK Ready
Mon, 19 Jun 2017 04:37:37 GMT guest ::1 GET / 
Mon, 19 Jun 2017 04:37:37 GMT guest ::1 GET /favicon.ico 
Mon, 19 Jun 2017 04:37:51 GMT guest ::1 GET /index.html 
Mon, 19 Jun 2017 04:37:51 GMT guest ::1 GET /favicon.ico 
Mon, 19 Jun 2017 04:38:04 GMT guest ::1 GET /index/index.html 
Mon, 19 Jun 2017 04:38:04 GMT guest ::1 GET /index/index.js 
Mon, 19 Jun 2017 04:38:04 GMT guest ::1 GET /index/basicStyle.css 
Mon, 19 Jun 2017 04:38:04 GMT guest ::1 GET /index/vanillaClickAndDrag.js 
Mon, 19 Jun 2017 04:38:04 GMT guest ::1 GET /index/editBlock.js 
Mon, 19 Jun 2017 04:38:28 GMT EXIT: SIGINT (^-C exit requested) 
Mon, 19 Jun 2017 04:38:29 GMT  OK Ready
Mon, 19 Jun 2017 04:38:31 GMT guest ::1 GET /index/index.html 
Mon, 19 Jun 2017 04:38:46 GMT EXIT: SIGINT (^-C exit requested) 
Mon, 19 Jun 2017 04:38:47 GMT  OK Ready
Mon, 19 Jun 2017 04:38:47 GMT guest ::1 GET /index/index.html 
Mon, 19 Jun 2017 04:38:48 GMT guest ::ffff:127.0.0.1 GET /index/index.html 
Mon, 19 Jun 2017 04:38:48 GMT guest ::1 GET /index/index.html 
Mon, 19 Jun 2017 04:38:50 GMT guest ::1 GET / 
Mon, 19 Jun 2017 04:40:37 GMT guest ::1 GET /index.html 
Mon, 19 Jun 2017 04:42:01 GMT EXIT: SIGINT (^-C exit requested) 
Mon, 19 Jun 2017 04:42:02 GMT  OK Ready
Mon, 19 Jun 2017 04:42:04 GMT null ::1 GET / 
Mon, 19 Jun 2017 04:42:04 GMT guest ::1 GET / 
Mon, 19 Jun 2017 04:42:32 GMT EXIT: SIGINT (^-C exit requested) 
Mon, 19 Jun 2017 04:42:33 GMT  OK Ready
Mon, 19 Jun 2017 04:42:33 GMT guest ::ffff:127.0.0.1 GET / 
Mon, 19 Jun 2017 04:50:09 GMT EXIT: SIGINT (^-C exit requested) 
Mon, 19 Jun 2017 04:50:10 GMT  OK Ready
Mon, 19 Jun 2017 04:50:14 GMT null ::1 GET / 
Mon, 19 Jun 2017 04:50:14 GMT guest ::1 GET / 
Mon, 19 Jun 2017 04:51:08 GMT EXIT: SIGINT (^-C exit requested) 
Mon, 19 Jun 2017 04:51:09 GMT  OK Ready
Mon, 19 Jun 2017 04:51:09 GMT guest ::1 GET / 
Mon, 19 Jun 2017 04:51:56 GMT  OK Ready
Mon, 19 Jun 2017 04:52:05 GMT guest ::1 GET / 
Mon, 19 Jun 2017 04:52:16 GMT  OK Ready
Mon, 19 Jun 2017 04:52:17 GMT guest ::1 GET / 
Mon, 19 Jun 2017 04:52:28 GMT  OK Ready
Mon, 19 Jun 2017 04:52:29 GMT guest ::1 GET / 
Mon, 19 Jun 2017 04:53:01 GMT  OK Ready
Mon, 19 Jun 2017 04:53:01 GMT guest ::1 GET / 
Mon, 19 Jun 2017 04:53:12 GMT EXIT: SIGINT (^-C exit requested) 
Mon, 19 Jun 2017 04:53:13 GMT  OK Ready
Mon, 19 Jun 2017 04:53:13 GMT guest ::1 GET / 
Mon, 19 Jun 2017 04:53:18 GMT EXIT: SIGINT (^-C exit requested) 
Mon, 19 Jun 2017 04:54:49 GMT  OK Ready
Mon, 19 Jun 2017 04:54:49 GMT null ::ffff:127.0.0.1 GET / 
Mon, 19 Jun 2017 04:54:49 GMT guest ::1 GET / 
Mon, 19 Jun 2017 04:54:50 GMT null ::ffff:127.0.0.1 GET / 
Mon, 19 Jun 2017 04:54:50 GMT guest ::1 GET / 
Mon, 19 Jun 2017 04:55:00 GMT EXIT: SIGINT (^-C exit requested) 
Mon, 19 Jun 2017 04:55:01 GMT  OK Ready
Mon, 19 Jun 2017 04:55:02 GMT null ::1 GET / 
Mon, 19 Jun 2017 04:55:02 GMT guest ::1 GET / 
Mon, 19 Jun 2017 04:55:26 GMT EXIT: SIGINT (^-C exit requested) 
Mon, 19 Jun 2017 04:55:48 GMT  OK Ready
Mon, 19 Jun 2017 04:55:49 GMT guest ::1 GET / 
Mon, 19 Jun 2017 04:56:00 GMT EXIT: SIGINT (^-C exit requested) 
Mon, 19 Jun 2017 04:56:01 GMT  OK Ready
Mon, 19 Jun 2017 04:56:02 GMT guest ::1 GET / 
Mon, 19 Jun 2017 04:56:02 GMT guest ::1 GET /favicon.ico 
Mon, 19 Jun 2017 04:56:14 GMT guest ::1 GET /index.html 
Mon, 19 Jun 2017 04:56:14 GMT guest ::1 GET /index.js 
Mon, 19 Jun 2017 04:56:14 GMT guest ::1 GET /basicStyle.css 
Mon, 19 Jun 2017 04:56:14 GMT guest ::1 GET /vanillaClickAndDrag.js 
Mon, 19 Jun 2017 04:56:14 GMT guest ::1 GET /editBlock.js 
Mon, 19 Jun 2017 04:56:16 GMT guest ::1 POST /index.html?echo hello | node interpret 
Mon, 19 Jun 2017 04:56:47 GMT guest ::1 POST /index.html?echo dir | node interpret 
Mon, 19 Jun 2017 04:56:51 GMT guest ::1 GET / 
Mon, 19 Jun 2017 04:56:52 GMT guest ::1 GET /favicon.ico 
Mon, 19 Jun 2017 04:56:53 GMT guest ::1 GET / 
Mon, 19 Jun 2017 04:56:53 GMT guest ::1 GET /favicon.ico 
Mon, 19 Jun 2017 04:57:01 GMT guest ::1 POST /index.html?echo dor | node interpret 
Mon, 19 Jun 2017 04:57:05 GMT guest ::1 POST /index.html?echo I guess | node interpret 
Mon, 19 Jun 2017 04:57:07 GMT guest ::1 POST /index.html?echo :reset | node interpret 
Mon, 19 Jun 2017 04:57:08 GMT guest ::1 POST /index.html?echo dir | node interpret 
Mon, 19 Jun 2017 04:57:13 GMT guest ::1 GET /index.html 
Mon, 19 Jun 2017 04:57:31 GMT EXIT: SIGINT (^-C exit requested) 
