{"ztime":"2017-07-01T21:59:32.320Z","userid":"colten","method":"GET","path":"/","query":"undefined","ipaddr":"::1","responseSize":840,"requestSize":0,"ms":21,"status":200,"cpu":1.5238095238095237,"rss":24.018944}
{"ztime":"2017-07-01T21:59:32.352Z","userid":"colten","method":"GET","path":"/gui/utils.js","query":"undefined","ipaddr":"::1","responseSize":926,"requestSize":0,"ms":15,"status":200,"cpu":1,"rss":23.53152}
{"ztime":"2017-07-01T21:59:32.357Z","userid":"colten","method":"GET","path":"/gui/basicStyle.css","query":"undefined","ipaddr":"::1","responseSize":647,"requestSize":0,"ms":12,"status":200,"cpu":0,"rss":23.556096}
{"ztime":"2017-07-01T21:59:32.358Z","userid":"colten","method":"GET","path":"/gui/convo.css","query":"undefined","ipaddr":"::1","responseSize":834,"requestSize":0,"ms":15,"status":200,"cpu":0,"rss":23.568384}
{"ztime":"2017-07-01T21:59:32.357Z","userid":"colten","method":"GET","path":"/gui/block.css","query":"undefined","ipaddr":"::1","responseSize":919,"requestSize":0,"ms":42,"status":200,"cpu":0.38095238095238093,"rss":23.580672}
{"ztime":"2017-07-01T21:59:32.401Z","userid":"colten","method":"GET","path":"/gui/block.js","query":"undefined","ipaddr":"::1","responseSize":6249,"requestSize":0,"ms":5,"status":200,"cpu":6.2,"rss":23.79776}
{"ztime":"2017-07-01T21:59:32.412Z","userid":"colten","method":"GET","path":"/gui/convo.js","query":"undefined","ipaddr":"::1","responseSize":7008,"requestSize":0,"ms":6,"status":200,"cpu":2.6666666666666665,"rss":24.24832}
{"ztime":"2017-07-01T21:59:32.421Z","userid":"colten","method":"GET","path":"/gui/vanillaClickAndDrag.js","query":"undefined","ipaddr":"::1","responseSize":3052,"requestSize":0,"ms":5,"status":200,"cpu":0,"rss":24.2688}
{"ztime":"2017-07-01T21:59:33.875Z","userid":"colten","method":"POST","path":"/","query":"ipconfig","ipaddr":"::1","responseSize":2189,"requestSize":0,"ms":202,"status":200,"cpu":0,"rss":24.358912}
{"ztime":"2017-07-01T22:06:17.678Z","userid":"colten","method":"GET","path":"/","query":"undefined","ipaddr":"::1","responseSize":840,"requestSize":0,"ms":27,"status":200,"cpu":"114.8","rss":24.072192}
{"ztime":"2017-07-01T22:06:17.719Z","userid":"colten","method":"GET","path":"/gui/convo.css","query":"undefined","ipaddr":"::1","responseSize":834,"requestSize":0,"ms":9,"status":200,"cpu":"0.000","rss":23.53152}
{"ztime":"2017-07-01T22:06:17.718Z","userid":"colten","method":"GET","path":"/gui/block.css","query":"undefined","ipaddr":"::1","responseSize":919,"requestSize":0,"ms":12,"status":200,"cpu":"0.000","rss":23.47008}
{"ztime":"2017-07-01T22:06:17.717Z","userid":"colten","method":"GET","path":"/gui/basicStyle.css","query":"undefined","ipaddr":"::1","responseSize":647,"requestSize":0,"ms":14,"status":200,"cpu":"228.6","rss":23.47008}
{"ztime":"2017-07-01T22:06:17.713Z","userid":"colten","method":"GET","path":"/gui/utils.js","query":"undefined","ipaddr":"::1","responseSize":926,"requestSize":0,"ms":17,"status":200,"cpu":"276.5","rss":23.47008}
{"ztime":"2017-07-01T22:06:17.733Z","userid":"colten","method":"GET","path":"/gui/block.js","query":"undefined","ipaddr":"::1","responseSize":6249,"requestSize":0,"ms":4,"status":200,"cpu":"0.000","rss":23.527424}
{"ztime":"2017-07-01T22:06:17.739Z","userid":"colten","method":"GET","path":"/gui/convo.js","query":"undefined","ipaddr":"::1","responseSize":7008,"requestSize":0,"ms":4,"status":200,"cpu":"0.000","rss":24.100864}
{"ztime":"2017-07-01T22:06:17.745Z","userid":"colten","method":"GET","path":"/gui/vanillaClickAndDrag.js","query":"undefined","ipaddr":"::1","responseSize":3052,"requestSize":0,"ms":3,"status":200,"cpu":"500.0","rss":24.088576}
{"ztime":"2017-07-01T22:06:23.599Z","userid":"colten","method":"POST","path":"/","query":"yes","ipaddr":"::1","responseSize":224,"requestSize":0,"ms":1175,"status":200,"cpu":"0.000","rss":24.076288}
{"ztime":"2017-07-01T22:06:30.812Z","userid":"colten","method":"POST","path":"/","query":"ok","ipaddr":"::1","responseSize":223,"requestSize":0,"ms":1172,"status":200,"cpu":"0.000","rss":24.113152}
{"ztime":"2017-07-01T22:06:32.732Z","userid":"colten","method":"POST","path":"/","query":"hmmm","ipaddr":"::1","responseSize":225,"requestSize":0,"ms":1166,"status":200,"cpu":"0.000","rss":24.121344}
{"ztime":"2017-07-01T22:06:35.881Z","userid":"colten","method":"POST","path":"/","query":"stoop()","ipaddr":"::1","responseSize":226,"requestSize":0,"ms":1168,"status":200,"cpu":"0.000","rss":23.69536}
{"ztime":"2017-07-01T22:08:27.165Z","userid":"colten","method":"GET","path":"/","query":"undefined","ipaddr":"::1","responseSize":840,"requestSize":0,"ms":22,"status":200,"cpu":31,"rss":24.051712}
{"ztime":"2017-07-01T22:08:27.197Z","userid":"colten","method":"GET","path":"/gui/utils.js","query":"undefined","ipaddr":"::1","responseSize":926,"requestSize":0,"ms":15,"status":200,"cpu":16,"rss":24.588288}
{"ztime":"2017-07-01T22:08:27.202Z","userid":"colten","method":"GET","path":"/gui/basicStyle.css","query":"undefined","ipaddr":"::1","responseSize":647,"requestSize":0,"ms":12,"status":200,"cpu":0,"rss":24.682496}
{"ztime":"2017-07-01T22:08:27.203Z","userid":"colten","method":"GET","path":"/gui/block.css","query":"undefined","ipaddr":"::1","responseSize":919,"requestSize":0,"ms":12,"status":200,"cpu":31,"rss":24.682496}
{"ztime":"2017-07-01T22:08:27.204Z","userid":"colten","method":"GET","path":"/gui/convo.css","query":"undefined","ipaddr":"::1","responseSize":834,"requestSize":0,"ms":11,"status":200,"cpu":31,"rss":24.682496}
{"ztime":"2017-07-01T22:08:27.218Z","userid":"colten","method":"GET","path":"/gui/block.js","query":"undefined","ipaddr":"::1","responseSize":6249,"requestSize":0,"ms":7,"status":200,"cpu":0,"rss":24.629248}
{"ztime":"2017-07-01T22:08:27.227Z","userid":"colten","method":"GET","path":"/gui/convo.js","query":"undefined","ipaddr":"::1","responseSize":7008,"requestSize":0,"ms":5,"status":200,"cpu":16,"rss":25.194496}
{"ztime":"2017-07-01T22:08:27.236Z","userid":"colten","method":"GET","path":"/gui/vanillaClickAndDrag.js","query":"undefined","ipaddr":"::1","responseSize":3052,"requestSize":0,"ms":5,"status":200,"cpu":0,"rss":25.174016}
{"ztime":"2017-07-01T22:08:28.008Z","userid":"colten","method":"POST","path":"/","query":"hi","ipaddr":"::1","responseSize":223,"requestSize":0,"ms":1166,"status":200,"cpu":0,"rss":25.16992}
{"ztime":"2017-07-01T22:08:30.692Z","userid":"colten","method":"POST","path":"/","query":"...","ipaddr":"::1","responseSize":224,"requestSize":0,"ms":1167,"status":200,"cpu":0,"rss":25.247744}
{"ztime":"2017-07-01T22:08:29.732Z","userid":"colten","method":"POST","path":"/","query":"systeminfo","ipaddr":"::1","responseSize":4685,"requestSize":0,"ms":2929,"status":200,"cpu":16,"rss":25.526272}
{"ztime":"2017-07-01T22:23:53.481Z","userid":"colten","method":"POST","path":"/","query":"systeminfo","ipaddr":"::1","responseSize":5053,"requestSize":0,"ms":3394,"status":200,"cpu":30,"rss":25.710592}
{"ztime":"2017-07-01T22:24:52.794Z","userid":"colten","method":"GET","path":"/","query":"undefined","ipaddr":"::1","responseSize":840,"requestSize":0,"ms":23,"status":200,"cpu":155,"rss":24.088576}
{"ztime":"2017-07-01T22:24:52.828Z","userid":"colten","method":"GET","path":"/gui/utils.js","query":"undefined","ipaddr":"::1","responseSize":926,"requestSize":0,"ms":16,"status":200,"cpu":155,"rss":23.568384}
{"ztime":"2017-07-01T22:24:52.833Z","userid":"colten","method":"GET","path":"/gui/basicStyle.css","query":"undefined","ipaddr":"::1","responseSize":647,"requestSize":0,"ms":13,"status":200,"cpu":155,"rss":23.552}
{"ztime":"2017-07-01T22:24:52.834Z","userid":"colten","method":"GET","path":"/gui/block.css","query":"undefined","ipaddr":"::1","responseSize":919,"requestSize":0,"ms":13,"status":200,"cpu":155,"rss":23.552}
{"ztime":"2017-07-01T22:24:52.835Z","userid":"colten","method":"GET","path":"/gui/convo.css","query":"undefined","ipaddr":"::1","responseSize":834,"requestSize":0,"ms":14,"status":200,"cpu":155,"rss":23.556096}
{"ztime":"2017-07-01T22:24:52.851Z","userid":"colten","method":"GET","path":"/gui/block.js","query":"undefined","ipaddr":"::1","responseSize":6249,"requestSize":0,"ms":5,"status":200,"cpu":155,"rss":23.61344}
{"ztime":"2017-07-01T22:24:52.859Z","userid":"colten","method":"GET","path":"/gui/convo.js","query":"undefined","ipaddr":"::1","responseSize":7008,"requestSize":0,"ms":2,"status":200,"cpu":155,"rss":24.170496}
{"ztime":"2017-07-01T22:24:52.864Z","userid":"colten","method":"GET","path":"/gui/vanillaClickAndDrag.js","query":"undefined","ipaddr":"::1","responseSize":3052,"requestSize":0,"ms":2,"status":200,"cpu":155,"rss":24.1664}
{"ztime":"2017-07-01T22:24:55.056Z","userid":"colten","method":"POST","path":"/","query":"systeminfo","ipaddr":"::1","responseSize":4909,"requestSize":0,"ms":2841,"status":200,"cpu":155,"rss":25.02656}
{"ztime":"2017-07-01T22:25:01.417Z","userid":"colten","method":"POST","path":"/","query":"dir","ipaddr":"::1","responseSize":793,"requestSize":0,"ms":166,"status":200,"cpu":171,"rss":24.244224}
{"ztime":"2017-07-01T22:25:05.720Z","userid":"colten","method":"GET","path":"/interpret.js","query":"undefined","ipaddr":"::1","responseSize":3031,"requestSize":0,"ms":6,"status":200,"cpu":171,"rss":24.932352}
